2026-04-06 16:04:03.279 [main] ERROR org.apache.catalina.core.AprLifecycleListener - An incompatible version [1.2.26] of the Apache Tomcat Native library is installed, while Tomcat requires version [1.2.34]
2026-04-06 16:04:04.320 [main] ERROR c.baomidou.mybatisplus.core.MybatisConfiguration - mapper[com.example.student.mapper.ClassMapper.selectClassList] is ignored, because it exists, maybe from xml file
2026-04-06 16:04:04.378 [main] ERROR c.baomidou.mybatisplus.core.MybatisConfiguration - mapper[com.example.student.mapper.CourseMapper.selectCourseBySemester] is ignored, because it exists, maybe from xml file
2026-04-06 16:04:04.380 [main] ERROR c.baomidou.mybatisplus.core.MybatisConfiguration - mapper[com.example.student.mapper.CourseMapper.selectCourseCountByDepartment] is ignored, because it exists, maybe from xml file
2026-04-06 16:04:04.421 [main] ERROR c.baomidou.mybatisplus.core.MybatisConfiguration - mapper[com.example.student.mapper.CourseOfferingMapper.getClassIdByCourseOfferingId] is ignored, because it exists, maybe from xml file
2026-04-06 16:04:04.421 [main] ERROR c.baomidou.mybatisplus.core.MybatisConfiguration - mapper[com.example.student.mapper.CourseOfferingMapper.selectAllSemesters] is ignored, because it exists, maybe from xml file
2026-04-06 16:04:04.534 [main] ERROR c.baomidou.mybatisplus.core.MybatisConfiguration - mapper[com.example.student.mapper.NoticeMapper.selectPublishedNotices] is ignored, because it exists, maybe from xml file
2026-04-06 16:04:08.574 [main] ERROR o.s.b.diagnostics.LoggingFailureAnalysisReporter - 

***************************
APPLICATION FAILED TO START
***************************

Description:

Web server failed to start. Port 8080 was already in use.

Action:

Identify and stop the process that's listening on port 8080 or configure this application to listen on another port.

2026-04-06 16:05:08.970 [main] ERROR org.apache.catalina.core.AprLifecycleListener - An incompatible version [1.2.26] of the Apache Tomcat Native library is installed, while Tomcat requires version [1.2.34]
2026-04-06 16:05:09.751 [main] ERROR c.baomidou.mybatisplus.core.MybatisConfiguration - mapper[com.example.student.mapper.ClassMapper.selectClassList] is ignored, because it exists, maybe from xml file
2026-04-06 16:05:09.809 [main] ERROR c.baomidou.mybatisplus.core.MybatisConfiguration - mapper[com.example.student.mapper.CourseMapper.selectCourseBySemester] is ignored, because it exists, maybe from xml file
2026-04-06 16:05:09.809 [main] ERROR c.baomidou.mybatisplus.core.MybatisConfiguration - mapper[com.example.student.mapper.CourseMapper.selectCourseCountByDepartment] is ignored, because it exists, maybe from xml file
2026-04-06 16:05:09.850 [main] ERROR c.baomidou.mybatisplus.core.MybatisConfiguration - mapper[com.example.student.mapper.CourseOfferingMapper.getClassIdByCourseOfferingId] is ignored, because it exists, maybe from xml file
2026-04-06 16:05:09.850 [main] ERROR c.baomidou.mybatisplus.core.MybatisConfiguration - mapper[com.example.student.mapper.CourseOfferingMapper.selectAllSemesters] is ignored, because it exists, maybe from xml file
2026-04-06 16:05:09.958 [main] ERROR c.baomidou.mybatisplus.core.MybatisConfiguration - mapper[com.example.student.mapper.NoticeMapper.selectPublishedNotices] is ignored, because it exists, maybe from xml file
2026-04-06 16:07:19.568 [main] ERROR org.apache.catalina.core.AprLifecycleListener - An incompatible version [1.2.26] of the Apache Tomcat Native library is installed, while Tomcat requires version [1.2.34]
2026-04-06 16:07:20.332 [main] ERROR c.baomidou.mybatisplus.core.MybatisConfiguration - mapper[com.example.student.mapper.ClassMapper.selectClassList] is ignored, because it exists, maybe from xml file
2026-04-06 16:07:20.386 [main] ERROR c.baomidou.mybatisplus.core.MybatisConfiguration - mapper[com.example.student.mapper.CourseMapper.selectCourseBySemester] is ignored, because it exists, maybe from xml file
2026-04-06 16:07:20.386 [main] ERROR c.baomidou.mybatisplus.core.MybatisConfiguration - mapper[com.example.student.mapper.CourseMapper.selectCourseCountByDepartment] is ignored, because it exists, maybe from xml file
2026-04-06 16:07:20.427 [main] ERROR c.baomidou.mybatisplus.core.MybatisConfiguration - mapper[com.example.student.mapper.CourseOfferingMapper.getClassIdByCourseOfferingId] is ignored, because it exists, maybe from xml file
2026-04-06 16:07:20.428 [main] ERROR c.baomidou.mybatisplus.core.MybatisConfiguration - mapper[com.example.student.mapper.CourseOfferingMapper.selectAllSemesters] is ignored, because it exists, maybe from xml file
2026-04-06 16:07:20.544 [main] ERROR c.baomidou.mybatisplus.core.MybatisConfiguration - mapper[com.example.student.mapper.NoticeMapper.selectPublishedNotices] is ignored, because it exists, maybe from xml file
2026-04-06 16:10:15.748 [main] ERROR org.apache.catalina.core.AprLifecycleListener - An incompatible version [1.2.26] of the Apache Tomcat Native library is installed, while Tomcat requires version [1.2.34]
2026-04-06 16:10:16.521 [main] ERROR c.baomidou.mybatisplus.core.MybatisConfiguration - mapper[com.example.student.mapper.ClassMapper.selectClassList] is ignored, because it exists, maybe from xml file
2026-04-06 16:10:16.576 [main] ERROR c.baomidou.mybatisplus.core.MybatisConfiguration - mapper[com.example.student.mapper.CourseMapper.selectCourseBySemester] is ignored, because it exists, maybe from xml file
2026-04-06 16:10:16.578 [main] ERROR c.baomidou.mybatisplus.core.MybatisConfiguration - mapper[com.example.student.mapper.CourseMapper.selectCourseCountByDepartment] is ignored, because it exists, maybe from xml file
2026-04-06 16:10:16.621 [main] ERROR c.baomidou.mybatisplus.core.MybatisConfiguration - mapper[com.example.student.mapper.CourseOfferingMapper.getClassIdByCourseOfferingId] is ignored, because it exists, maybe from xml file
2026-04-06 16:10:16.622 [main] ERROR c.baomidou.mybatisplus.core.MybatisConfiguration - mapper[com.example.student.mapper.CourseOfferingMapper.selectAllSemesters] is ignored, because it exists, maybe from xml file
2026-04-06 16:10:16.728 [main] ERROR c.baomidou.mybatisplus.core.MybatisConfiguration - mapper[com.example.student.mapper.NoticeMapper.selectPublishedNotices] is ignored, because it exists, maybe from xml file
2026-04-06 16:19:51.672 [main] ERROR org.apache.catalina.core.AprLifecycleListener - An incompatible version [1.2.26] of the Apache Tomcat Native library is installed, while Tomcat requires version [1.2.34]
2026-04-06 16:19:52.390 [main] ERROR c.baomidou.mybatisplus.core.MybatisConfiguration - mapper[com.example.student.mapper.ClassMapper.selectClassList] is ignored, because it exists, maybe from xml file
2026-04-06 16:19:52.450 [main] ERROR c.baomidou.mybatisplus.core.MybatisConfiguration - mapper[com.example.student.mapper.CourseMapper.selectCourseBySemester] is ignored, because it exists, maybe from xml file
2026-04-06 16:19:52.453 [main] ERROR c.baomidou.mybatisplus.core.MybatisConfiguration - mapper[com.example.student.mapper.CourseMapper.selectCourseCountByDepartment] is ignored, because it exists, maybe from xml file
2026-04-06 16:19:52.490 [main] ERROR c.baomidou.mybatisplus.core.MybatisConfiguration - mapper[com.example.student.mapper.CourseOfferingMapper.getClassIdByCourseOfferingId] is ignored, because it exists, maybe from xml file
2026-04-06 16:19:52.491 [main] ERROR c.baomidou.mybatisplus.core.MybatisConfiguration - mapper[com.example.student.mapper.CourseOfferingMapper.selectAllSemesters] is ignored, because it exists, maybe from xml file
2026-04-06 16:19:52.590 [main] ERROR c.baomidou.mybatisplus.core.MybatisConfiguration - mapper[com.example.student.mapper.NoticeMapper.selectPublishedNotices] is ignored, because it exists, maybe from xml file
2026-04-06 16:19:56.109 [main] ERROR o.s.b.diagnostics.LoggingFailureAnalysisReporter - 

***************************
APPLICATION FAILED TO START
***************************

Description:

Web server failed to start. Port 8080 was already in use.

Action:

Identify and stop the process that's listening on port 8080 or configure this application to listen on another port.

2026-04-06 16:20:40.120 [main] ERROR org.apache.catalina.core.AprLifecycleListener - An incompatible version [1.2.26] of the Apache Tomcat Native library is installed, while Tomcat requires version [1.2.34]
2026-04-06 16:20:40.900 [main] ERROR c.baomidou.mybatisplus.core.MybatisConfiguration - mapper[com.example.student.mapper.ClassMapper.selectClassList] is ignored, because it exists, maybe from xml file
2026-04-06 16:20:40.964 [main] ERROR c.baomidou.mybatisplus.core.MybatisConfiguration - mapper[com.example.student.mapper.CourseMapper.selectCourseBySemester] is ignored, because it exists, maybe from xml file
2026-04-06 16:20:40.964 [main] ERROR c.baomidou.mybatisplus.core.MybatisConfiguration - mapper[com.example.student.mapper.CourseMapper.selectCourseCountByDepartment] is ignored, because it exists, maybe from xml file
2026-04-06 16:20:41.010 [main] ERROR c.baomidou.mybatisplus.core.MybatisConfiguration - mapper[com.example.student.mapper.CourseOfferingMapper.getClassIdByCourseOfferingId] is ignored, because it exists, maybe from xml file
2026-04-06 16:20:41.010 [main] ERROR c.baomidou.mybatisplus.core.MybatisConfiguration - mapper[com.example.student.mapper.CourseOfferingMapper.selectAllSemesters] is ignored, because it exists, maybe from xml file
2026-04-06 16:20:41.112 [main] ERROR c.baomidou.mybatisplus.core.MybatisConfiguration - mapper[com.example.student.mapper.NoticeMapper.selectPublishedNotices] is ignored, because it exists, maybe from xml file
2026-04-06 16:33:44.302 [http-nio-8080-exec-7] ERROR c.e.s.c.exception.CommonGlobalExceptionHandler - 系统异常: 
org.springframework.security.access.AccessDeniedException: Access Denied
	at org.springframework.security.authorization.method.AuthorizationManagerBeforeMethodInterceptor.attemptAuthorization(AuthorizationManagerBeforeMethodInterceptor.java:257)
	at org.springframework.security.authorization.method.AuthorizationManagerBeforeMethodInterceptor.invoke(AuthorizationManagerBeforeMethodInterceptor.java:198)
	at org.springframework.aop.framework.ReflectiveMethodInvocation.proceed(ReflectiveMethodInvocation.java:184)
	at org.springframework.aop.framework.CglibAopProxy$CglibMethodInvocation.proceed(CglibAopProxy.java:751)
	at org.springframework.aop.interceptor.ExposeInvocationInterceptor.invoke(ExposeInvocationInterceptor.java:97)
	at org.springframework.aop.framework.ReflectiveMethodInvocation.proceed(ReflectiveMethodInvocation.java:184)
	at org.springframework.aop.framework.CglibAopProxy$CglibMethodInvocation.proceed(CglibAopProxy.java:751)
	at org.springframework.aop.framework.CglibAopProxy$DynamicAdvisedInterceptor.intercept(CglibAopProxy.java:703)
	at com.example.student.controller.TeacherController$$SpringCGLIB$$0.getAllTeachers(<generated>)
	at java.base/jdk.internal.reflect.NativeMethodAccessorImpl.invoke0(Native Method)
	at java.base/jdk.internal.reflect.NativeMethodAccessorImpl.invoke(NativeMethodAccessorImpl.java:77)
	at java.base/jdk.internal.reflect.DelegatingMethodAccessorImpl.invoke(DelegatingMethodAccessorImpl.java:43)
	at java.base/java.lang.reflect.Method.invoke(Method.java:568)
	at org.springframework.web.method.support.InvocableHandlerMethod.doInvoke(InvocableHandlerMethod.java:205)
	at org.springframework.web.method.support.InvocableHandlerMethod.invokeForRequest(InvocableHandlerMethod.java:150)
	at org.springframework.web.servlet.mvc.method.annotation.ServletInvocableHandlerMethod.invokeAndHandle(ServletInvocableHandlerMethod.java:118)
	at org.springframework.web.servlet.mvc.method.annotation.RequestMappingHandlerAdapter.invokeHandlerMethod(RequestMappingHandlerAdapter.java:884)
	at org.springframework.web.servlet.mvc.method.annotation.RequestMappingHandlerAdapter.handleInternal(RequestMappingHandlerAdapter.java:797)
	at org.springframework.web.servlet.mvc.method.AbstractHandlerMethodAdapter.handle(AbstractHandlerMethodAdapter.java:87)
	at org.springframework.web.servlet.DispatcherServlet.doDispatch(DispatcherServlet.java:1081)
	at org.springframework.web.servlet.DispatcherServlet.doService(DispatcherServlet.java:974)
	at org.springframework.web.servlet.FrameworkServlet.processRequest(FrameworkServlet.java:1011)
	at org.springframework.web.servlet.FrameworkServlet.doGet(FrameworkServlet.java:903)
	at jakarta.servlet.http.HttpServlet.service(HttpServlet.java:564)
	at org.springframework.web.servlet.FrameworkServlet.service(FrameworkServlet.java:885)
	at jakarta.servlet.http.HttpServlet.service(HttpServlet.java:658)
	at org.apache.catalina.core.ApplicationFilterChain.internalDoFilter(ApplicationFilterChain.java:205)
	at org.apache.catalina.core.ApplicationFilterChain.doFilter(ApplicationFilterChain.java:149)
	at org.apache.tomcat.websocket.server.WsFilter.doFilter(WsFilter.java:51)
	at org.apache.catalina.core.ApplicationFilterChain.internalDoFilter(ApplicationFilterChain.java:174)
	at org.apache.catalina.core.ApplicationFilterChain.doFilter(ApplicationFilterChain.java:149)
	at org.springframework.web.filter.CorsFilter.doFilterInternal(CorsFilter.java:91)
	at org.springframework.web.filter.OncePerRequestFilter.doFilter(OncePerRequestFilter.java:116)
	at org.apache.catalina.core.ApplicationFilterChain.internalDoFilter(ApplicationFilterChain.java:174)
	at org.apache.catalina.core.ApplicationFilterChain.doFilter(ApplicationFilterChain.java:149)
	at org.springframework.web.filter.OncePerRequestFilter.doFilter(OncePerRequestFilter.java:110)
	at org.apache.catalina.core.ApplicationFilterChain.internalDoFilter(ApplicationFilterChain.java:174)
	at org.apache.catalina.core.ApplicationFilterChain.doFilter(ApplicationFilterChain.java:149)
	at org.springframework.security.web.FilterChainProxy.lambda$doFilterInternal$3(FilterChainProxy.java:231)
	at org.springframework.security.web.FilterChainProxy$VirtualFilterChain.doFilter(FilterChainProxy.java:365)
	at org.springframework.security.web.access.intercept.AuthorizationFilter.doFilter(AuthorizationFilter.java:100)
	at org.springframework.security.web.FilterChainProxy$VirtualFilterChain.doFilter(FilterChainProxy.java:374)
	at org.springframework.security.web.access.ExceptionTranslationFilter.doFilter(ExceptionTranslationFilter.java:126)
	at org.springframework.security.web.access.ExceptionTranslationFilter.doFilter(ExceptionTranslationFilter.java:120)
	at org.springframework.security.web.FilterChainProxy$VirtualFilterChain.doFilter(FilterChainProxy.java:374)
	at org.springframework.security.web.session.SessionManagementFilter.doFilter(SessionManagementFilter.java:131)
	at org.springframework.security.web.session.SessionManagementFilter.doFilter(SessionManagementFilter.java:85)
	at org.springframework.security.web.FilterChainProxy$VirtualFilterChain.doFilter(FilterChainProxy.java:374)
	at org.springframework.security.web.authentication.AnonymousAuthenticationFilter.doFilter(AnonymousAuthenticationFilter.java:100)
	at org.springframework.security.web.FilterChainProxy$VirtualFilterChain.doFilter(FilterChainProxy.java:374)
	at org.springframework.security.web.servletapi.SecurityContextHolderAwareRequestFilter.doFilter(SecurityContextHolderAwareRequestFilter.java:179)
	at org.springframework.security.web.FilterChainProxy$VirtualFilterChain.doFilter(FilterChainProxy.java:374)
	at org.springframework.security.web.savedrequest.RequestCacheAwareFilter.doFilter(RequestCacheAwareFilter.java:63)
	at org.springframework.security.web.FilterChainProxy$VirtualFilterChain.doFilter(FilterChainProxy.java:374)
	at com.example.student.filter.JwtAuthenticationFilter.doFilterInternal(JwtAuthenticationFilter.java:108)
	at org.springframework.web.filter.OncePerRequestFilter.doFilter(OncePerRequestFilter.java:116)
	at org.springframework.security.web.FilterChainProxy$VirtualFilterChain.doFilter(FilterChainProxy.java:374)
	at org.springframework.security.web.authentication.logout.LogoutFilter.doFilter(LogoutFilter.java:107)
	at org.springframework.security.web.authentication.logout.LogoutFilter.doFilter(LogoutFilter.java:93)
	at org.springframework.security.web.FilterChainProxy$VirtualFilterChain.doFilter(FilterChainProxy.java:374)
	at org.springframework.security.web.header.HeaderWriterFilter.doHeadersAfter(HeaderWriterFilter.java:90)
	at org.springframework.security.web.header.HeaderWriterFilter.doFilterInternal(HeaderWriterFilter.java:75)
	at org.springframework.web.filter.OncePerRequestFilter.doFilter(OncePerRequestFilter.java:116)
	at org.springframework.security.web.FilterChainProxy$VirtualFilterChain.doFilter(FilterChainProxy.java:374)
	at org.springframework.security.web.context.SecurityContextHolderFilter.doFilter(SecurityContextHolderFilter.java:82)
	at org.springframework.security.web.context.SecurityContextHolderFilter.doFilter(SecurityContextHolderFilter.java:69)
	at org.springframework.security.web.FilterChainProxy$VirtualFilterChain.doFilter(FilterChainProxy.java:374)
	at org.springframework.security.web.context.request.async.WebAsyncManagerIntegrationFilter.doFilterInternal(WebAsyncManagerIntegrationFilter.java:62)
	at org.springframework.web.filter.OncePerRequestFilter.doFilter(OncePerRequestFilter.java:116)
	at org.springframework.security.web.FilterChainProxy$VirtualFilterChain.doFilter(FilterChainProxy.java:374)
	at org.springframework.security.web.session.DisableEncodeUrlFilter.doFilterInternal(DisableEncodeUrlFilter.java:42)
	at org.springframework.web.filter.OncePerRequestFilter.doFilter(OncePerRequestFilter.java:116)
	at org.springframework.security.web.FilterChainProxy$VirtualFilterChain.doFilter(FilterChainProxy.java:374)
	at org.springframework.security.web.FilterChainProxy.doFilterInternal(FilterChainProxy.java:233)
	at org.springframework.security.web.FilterChainProxy.doFilter(FilterChainProxy.java:191)
	at org.springframework.web.filter.DelegatingFilterProxy.invokeDelegate(DelegatingFilterProxy.java:352)
	at org.springframework.web.filter.DelegatingFilterProxy.doFilter(DelegatingFilterProxy.java:268)
	at org.apache.catalina.core.ApplicationFilterChain.internalDoFilter(ApplicationFilterChain.java:174)
	at org.apache.catalina.core.ApplicationFilterChain.doFilter(ApplicationFilterChain.java:149)
	at org.springframework.web.filter.RequestContextFilter.doFilterInternal(RequestContextFilter.java:100)
	at org.springframework.web.filter.OncePerRequestFilter.doFilter(OncePerRequestFilter.java:116)
	at org.apache.catalina.core.ApplicationFilterChain.internalDoFilter(ApplicationFilterChain.java:174)
	at org.apache.catalina.core.ApplicationFilterChain.doFilter(ApplicationFilterChain.java:149)
	at org.springframework.web.filter.FormContentFilter.doFilterInternal(FormContentFilter.java:93)
	at org.springframework.web.filter.OncePerRequestFilter.doFilter(OncePerRequestFilter.java:116)
	at org.apache.catalina.core.ApplicationFilterChain.internalDoFilter(ApplicationFilterChain.java:174)
	at org.apache.catalina.core.ApplicationFilterChain.doFilter(ApplicationFilterChain.java:149)
	at org.springframework.web.filter.CharacterEncodingFilter.doFilterInternal(CharacterEncodingFilter.java:201)
	at org.springframework.web.filter.OncePerRequestFilter.doFilter(OncePerRequestFilter.java:116)
	at org.apache.catalina.core.ApplicationFilterChain.internalDoFilter(ApplicationFilterChain.java:174)
	at org.apache.catalina.core.ApplicationFilterChain.doFilter(ApplicationFilterChain.java:149)
	at org.apache.catalina.core.StandardWrapperValve.invoke(StandardWrapperValve.java:167)
	at org.apache.catalina.core.StandardContextValve.invoke(StandardContextValve.java:90)
	at org.apache.catalina.authenticator.AuthenticatorBase.invoke(AuthenticatorBase.java:482)
	at org.apache.catalina.core.StandardHostValve.invoke(StandardHostValve.java:115)
	at org.apache.catalina.valves.ErrorReportValve.invoke(ErrorReportValve.java:93)
	at org.apache.catalina.core.StandardEngineValve.invoke(StandardEngineValve.java:74)
	at org.apache.catalina.connector.CoyoteAdapter.service(CoyoteAdapter.java:340)
	at org.apache.coyote.http11.Http11Processor.service(Http11Processor.java:391)
	at org.apache.coyote.AbstractProcessorLight.process(AbstractProcessorLight.java:63)
	at org.apache.coyote.AbstractProtocol$ConnectionHandler.process(AbstractProtocol.java:896)
	at org.apache.tomcat.util.net.NioEndpoint$SocketProcessor.doRun(NioEndpoint.java:1744)
	at org.apache.tomcat.util.net.SocketProcessorBase.run(SocketProcessorBase.java:52)
	at org.apache.tomcat.util.threads.ThreadPoolExecutor.runWorker(ThreadPoolExecutor.java:1191)
	at org.apache.tomcat.util.threads.ThreadPoolExecutor$Worker.run(ThreadPoolExecutor.java:659)
	at org.apache.tomcat.util.threads.TaskThread$WrappingRunnable.run(TaskThread.java:61)
	at java.base/java.lang.Thread.run(Thread.java:842)
2026-04-06 16:37:59.458 [http-nio-8080-exec-7] ERROR c.e.s.c.exception.CommonGlobalExceptionHandler - 系统异常: 
org.springframework.security.access.AccessDeniedException: Access Denied
	at org.springframework.security.authorization.method.AuthorizationManagerBeforeMethodInterceptor.attemptAuthorization(AuthorizationManagerBeforeMethodInterceptor.java:257)
	at org.springframework.security.authorization.method.AuthorizationManagerBeforeMethodInterceptor.invoke(AuthorizationManagerBeforeMethodInterceptor.java:198)
	at org.springframework.aop.framework.ReflectiveMethodInvocation.proceed(ReflectiveMethodInvocation.java:184)
	at org.springframework.aop.framework.CglibAopProxy$CglibMethodInvocation.proceed(CglibAopProxy.java:751)
	at org.springframework.aop.interceptor.ExposeInvocationInterceptor.invoke(ExposeInvocationInterceptor.java:97)
	at org.springframework.aop.framework.ReflectiveMethodInvocation.proceed(ReflectiveMethodInvocation.java:184)
	at org.springframework.aop.framework.CglibAopProxy$CglibMethodInvocation.proceed(CglibAopProxy.java:751)
	at org.springframework.aop.framework.CglibAopProxy$DynamicAdvisedInterceptor.intercept(CglibAopProxy.java:703)
	at com.example.student.controller.TeacherController$$SpringCGLIB$$0.getAllTeachers(<generated>)
	at java.base/jdk.internal.reflect.NativeMethodAccessorImpl.invoke0(Native Method)
	at java.base/jdk.internal.reflect.NativeMethodAccessorImpl.invoke(NativeMethodAccessorImpl.java:77)
	at java.base/jdk.internal.reflect.DelegatingMethodAccessorImpl.invoke(DelegatingMethodAccessorImpl.java:43)
	at java.base/java.lang.reflect.Method.invoke(Method.java:568)
	at org.springframework.web.method.support.InvocableHandlerMethod.doInvoke(InvocableHandlerMethod.java:205)
	at org.springframework.web.method.support.InvocableHandlerMethod.invokeForRequest(InvocableHandlerMethod.java:150)
	at org.springframework.web.servlet.mvc.method.annotation.ServletInvocableHandlerMethod.invokeAndHandle(ServletInvocableHandlerMethod.java:118)
	at org.springframework.web.servlet.mvc.method.annotation.RequestMappingHandlerAdapter.invokeHandlerMethod(RequestMappingHandlerAdapter.java:884)
	at org.springframework.web.servlet.mvc.method.annotation.RequestMappingHandlerAdapter.handleInternal(RequestMappingHandlerAdapter.java:797)
	at org.springframework.web.servlet.mvc.method.AbstractHandlerMethodAdapter.handle(AbstractHandlerMethodAdapter.java:87)
	at org.springframework.web.servlet.DispatcherServlet.doDispatch(DispatcherServlet.java:1081)
	at org.springframework.web.servlet.DispatcherServlet.doService(DispatcherServlet.java:974)
	at org.springframework.web.servlet.FrameworkServlet.processRequest(FrameworkServlet.java:1011)
	at org.springframework.web.servlet.FrameworkServlet.doGet(FrameworkServlet.java:903)
	at jakarta.servlet.http.HttpServlet.service(HttpServlet.java:564)
	at org.springframework.web.servlet.FrameworkServlet.service(FrameworkServlet.java:885)
	at jakarta.servlet.http.HttpServlet.service(HttpServlet.java:658)
	at org.apache.catalina.core.ApplicationFilterChain.internalDoFilter(ApplicationFilterChain.java:205)
	at org.apache.catalina.core.ApplicationFilterChain.doFilter(ApplicationFilterChain.java:149)
	at org.apache.tomcat.websocket.server.WsFilter.doFilter(WsFilter.java:51)
	at org.apache.catalina.core.ApplicationFilterChain.internalDoFilter(ApplicationFilterChain.java:174)
	at org.apache.catalina.core.ApplicationFilterChain.doFilter(ApplicationFilterChain.java:149)
	at org.springframework.web.filter.CorsFilter.doFilterInternal(CorsFilter.java:91)
	at org.springframework.web.filter.OncePerRequestFilter.doFilter(OncePerRequestFilter.java:116)
	at org.apache.catalina.core.ApplicationFilterChain.internalDoFilter(ApplicationFilterChain.java:174)
	at org.apache.catalina.core.ApplicationFilterChain.doFilter(ApplicationFilterChain.java:149)
	at org.springframework.web.filter.OncePerRequestFilter.doFilter(OncePerRequestFilter.java:110)
	at org.apache.catalina.core.ApplicationFilterChain.internalDoFilter(ApplicationFilterChain.java:174)
	at org.apache.catalina.core.ApplicationFilterChain.doFilter(ApplicationFilterChain.java:149)
	at org.springframework.security.web.FilterChainProxy.lambda$doFilterInternal$3(FilterChainProxy.java:231)
	at org.springframework.security.web.FilterChainProxy$VirtualFilterChain.doFilter(FilterChainProxy.java:365)
	at org.springframework.security.web.access.intercept.AuthorizationFilter.doFilter(AuthorizationFilter.java:100)
	at org.springframework.security.web.FilterChainProxy$VirtualFilterChain.doFilter(FilterChainProxy.java:374)
	at org.springframework.security.web.access.ExceptionTranslationFilter.doFilter(ExceptionTranslationFilter.java:126)
	at org.springframework.security.web.access.ExceptionTranslationFilter.doFilter(ExceptionTranslationFilter.java:120)
	at org.springframework.security.web.FilterChainProxy$VirtualFilterChain.doFilter(FilterChainProxy.java:374)
	at org.springframework.security.web.session.SessionManagementFilter.doFilter(SessionManagementFilter.java:131)
	at org.springframework.security.web.session.SessionManagementFilter.doFilter(SessionManagementFilter.java:85)
	at org.springframework.security.web.FilterChainProxy$VirtualFilterChain.doFilter(FilterChainProxy.java:374)
	at org.springframework.security.web.authentication.AnonymousAuthenticationFilter.doFilter(AnonymousAuthenticationFilter.java:100)
	at org.springframework.security.web.FilterChainProxy$VirtualFilterChain.doFilter(FilterChainProxy.java:374)
	at org.springframework.security.web.servletapi.SecurityContextHolderAwareRequestFilter.doFilter(SecurityContextHolderAwareRequestFilter.java:179)
	at org.springframework.security.web.FilterChainProxy$VirtualFilterChain.doFilter(FilterChainProxy.java:374)
	at org.springframework.security.web.savedrequest.RequestCacheAwareFilter.doFilter(RequestCacheAwareFilter.java:63)
	at org.springframework.security.web.FilterChainProxy$VirtualFilterChain.doFilter(FilterChainProxy.java:374)
	at com.example.student.filter.JwtAuthenticationFilter.doFilterInternal(JwtAuthenticationFilter.java:108)
	at org.springframework.web.filter.OncePerRequestFilter.doFilter(OncePerRequestFilter.java:116)
	at org.springframework.security.web.FilterChainProxy$VirtualFilterChain.doFilter(FilterChainProxy.java:374)
	at org.springframework.security.web.authentication.logout.LogoutFilter.doFilter(LogoutFilter.java:107)
	at org.springframework.security.web.authentication.logout.LogoutFilter.doFilter(LogoutFilter.java:93)
	at org.springframework.security.web.FilterChainProxy$VirtualFilterChain.doFilter(FilterChainProxy.java:374)
	at org.springframework.security.web.header.HeaderWriterFilter.doHeadersAfter(HeaderWriterFilter.java:90)
	at org.springframework.security.web.header.HeaderWriterFilter.doFilterInternal(HeaderWriterFilter.java:75)
	at org.springframework.web.filter.OncePerRequestFilter.doFilter(OncePerRequestFilter.java:116)
	at org.springframework.security.web.FilterChainProxy$VirtualFilterChain.doFilter(FilterChainProxy.java:374)
	at org.springframework.security.web.context.SecurityContextHolderFilter.doFilter(SecurityContextHolderFilter.java:82)
	at org.springframework.security.web.context.SecurityContextHolderFilter.doFilter(SecurityContextHolderFilter.java:69)
	at org.springframework.security.web.FilterChainProxy$VirtualFilterChain.doFilter(FilterChainProxy.java:374)
	at org.springframework.security.web.context.request.async.WebAsyncManagerIntegrationFilter.doFilterInternal(WebAsyncManagerIntegrationFilter.java:62)
	at org.springframework.web.filter.OncePerRequestFilter.doFilter(OncePerRequestFilter.java:116)
	at org.springframework.security.web.FilterChainProxy$VirtualFilterChain.doFilter(FilterChainProxy.java:374)
	at org.springframework.security.web.session.DisableEncodeUrlFilter.doFilterInternal(DisableEncodeUrlFilter.java:42)
	at org.springframework.web.filter.OncePerRequestFilter.doFilter(OncePerRequestFilter.java:116)
	at org.springframework.security.web.FilterChainProxy$VirtualFilterChain.doFilter(FilterChainProxy.java:374)
	at org.springframework.security.web.FilterChainProxy.doFilterInternal(FilterChainProxy.java:233)
	at org.springframework.security.web.FilterChainProxy.doFilter(FilterChainProxy.java:191)
	at org.springframework.web.filter.DelegatingFilterProxy.invokeDelegate(DelegatingFilterProxy.java:352)
	at org.springframework.web.filter.DelegatingFilterProxy.doFilter(DelegatingFilterProxy.java:268)
	at org.apache.catalina.core.ApplicationFilterChain.internalDoFilter(ApplicationFilterChain.java:174)
	at org.apache.catalina.core.ApplicationFilterChain.doFilter(ApplicationFilterChain.java:149)
	at org.springframework.web.filter.RequestContextFilter.doFilterInternal(RequestContextFilter.java:100)
	at org.springframework.web.filter.OncePerRequestFilter.doFilter(OncePerRequestFilter.java:116)
	at org.apache.catalina.core.ApplicationFilterChain.internalDoFilter(ApplicationFilterChain.java:174)
	at org.apache.catalina.core.ApplicationFilterChain.doFilter(ApplicationFilterChain.java:149)
	at org.springframework.web.filter.FormContentFilter.doFilterInternal(FormContentFilter.java:93)
	at org.springframework.web.filter.OncePerRequestFilter.doFilter(OncePerRequestFilter.java:116)
	at org.apache.catalina.core.ApplicationFilterChain.internalDoFilter(ApplicationFilterChain.java:174)
	at org.apache.catalina.core.ApplicationFilterChain.doFilter(ApplicationFilterChain.java:149)
	at org.springframework.web.filter.CharacterEncodingFilter.doFilterInternal(CharacterEncodingFilter.java:201)
	at org.springframework.web.filter.OncePerRequestFilter.doFilter(OncePerRequestFilter.java:116)
	at org.apache.catalina.core.ApplicationFilterChain.internalDoFilter(ApplicationFilterChain.java:174)
	at org.apache.catalina.core.ApplicationFilterChain.doFilter(ApplicationFilterChain.java:149)
	at org.apache.catalina.core.StandardWrapperValve.invoke(StandardWrapperValve.java:167)
	at org.apache.catalina.core.StandardContextValve.invoke(StandardContextValve.java:90)
	at org.apache.catalina.authenticator.AuthenticatorBase.invoke(AuthenticatorBase.java:482)
	at org.apache.catalina.core.StandardHostValve.invoke(StandardHostValve.java:115)
	at org.apache.catalina.valves.ErrorReportValve.invoke(ErrorReportValve.java:93)
	at org.apache.catalina.core.StandardEngineValve.invoke(StandardEngineValve.java:74)
	at org.apache.catalina.connector.CoyoteAdapter.service(CoyoteAdapter.java:340)
	at org.apache.coyote.http11.Http11Processor.service(Http11Processor.java:391)
	at org.apache.coyote.AbstractProcessorLight.process(AbstractProcessorLight.java:63)
	at org.apache.coyote.AbstractProtocol$ConnectionHandler.process(AbstractProtocol.java:896)
	at org.apache.tomcat.util.net.NioEndpoint$SocketProcessor.doRun(NioEndpoint.java:1744)
	at org.apache.tomcat.util.net.SocketProcessorBase.run(SocketProcessorBase.java:52)
	at org.apache.tomcat.util.threads.ThreadPoolExecutor.runWorker(ThreadPoolExecutor.java:1191)
	at org.apache.tomcat.util.threads.ThreadPoolExecutor$Worker.run(ThreadPoolExecutor.java:659)
	at org.apache.tomcat.util.threads.TaskThread$WrappingRunnable.run(TaskThread.java:61)
	at java.base/java.lang.Thread.run(Thread.java:842)
2026-04-06 17:07:15.753 [main] ERROR org.apache.catalina.core.AprLifecycleListener - An incompatible version [1.2.26] of the Apache Tomcat Native library is installed, while Tomcat requires version [1.2.34]
2026-04-06 17:07:17.425 [main] ERROR c.baomidou.mybatisplus.core.MybatisConfiguration - mapper[com.example.student.mapper.ClassMapper.selectClassList] is ignored, because it exists, maybe from xml file
2026-04-06 17:07:17.511 [main] ERROR c.baomidou.mybatisplus.core.MybatisConfiguration - mapper[com.example.student.mapper.CourseMapper.selectCourseBySemester] is ignored, because it exists, maybe from xml file
2026-04-06 17:07:17.514 [main] ERROR c.baomidou.mybatisplus.core.MybatisConfiguration - mapper[com.example.student.mapper.CourseMapper.selectCourseCountByDepartment] is ignored, because it exists, maybe from xml file
2026-04-06 17:07:17.568 [main] ERROR c.baomidou.mybatisplus.core.MybatisConfiguration - mapper[com.example.student.mapper.CourseOfferingMapper.getClassIdByCourseOfferingId] is ignored, because it exists, maybe from xml file
2026-04-06 17:07:17.568 [main] ERROR c.baomidou.mybatisplus.core.MybatisConfiguration - mapper[com.example.student.mapper.CourseOfferingMapper.selectAllSemesters] is ignored, because it exists, maybe from xml file
2026-04-06 17:07:17.730 [main] ERROR c.baomidou.mybatisplus.core.MybatisConfiguration - mapper[com.example.student.mapper.NoticeMapper.selectPublishedNotices] is ignored, because it exists, maybe from xml file
2026-04-06 17:07:24.362 [main] ERROR o.s.b.diagnostics.LoggingFailureAnalysisReporter - 

***************************
APPLICATION FAILED TO START
***************************

Description:

Web server failed to start. Port 8080 was already in use.

Action:

Identify and stop the process that's listening on port 8080 or configure this application to listen on another port.

2026-04-06 17:08:12.523 [main] ERROR org.apache.catalina.core.AprLifecycleListener - An incompatible version [1.2.26] of the Apache Tomcat Native library is installed, while Tomcat requires version [1.2.34]
2026-04-06 17:08:13.195 [main] ERROR c.baomidou.mybatisplus.core.MybatisConfiguration - mapper[com.example.student.mapper.ClassMapper.selectClassList] is ignored, because it exists, maybe from xml file
2026-04-06 17:08:13.253 [main] ERROR c.baomidou.mybatisplus.core.MybatisConfiguration - mapper[com.example.student.mapper.CourseMapper.selectCourseBySemester] is ignored, because it exists, maybe from xml file
2026-04-06 17:08:13.253 [main] ERROR c.baomidou.mybatisplus.core.MybatisConfiguration - mapper[com.example.student.mapper.CourseMapper.selectCourseCountByDepartment] is ignored, because it exists, maybe from xml file
2026-04-06 17:08:13.288 [main] ERROR c.baomidou.mybatisplus.core.MybatisConfiguration - mapper[com.example.student.mapper.CourseOfferingMapper.getClassIdByCourseOfferingId] is ignored, because it exists, maybe from xml file
2026-04-06 17:08:13.288 [main] ERROR c.baomidou.mybatisplus.core.MybatisConfiguration - mapper[com.example.student.mapper.CourseOfferingMapper.selectAllSemesters] is ignored, because it exists, maybe from xml file
2026-04-06 17:08:13.383 [main] ERROR c.baomidou.mybatisplus.core.MybatisConfiguration - mapper[com.example.student.mapper.NoticeMapper.selectPublishedNotices] is ignored, because it exists, maybe from xml file
2026-04-06 17:33:21.282 [main] ERROR org.apache.catalina.core.AprLifecycleListener - An incompatible version [1.2.26] of the Apache Tomcat Native library is installed, while Tomcat requires version [1.2.34]
2026-04-06 17:33:23.021 [main] ERROR c.baomidou.mybatisplus.core.MybatisConfiguration - mapper[com.example.student.mapper.ClassMapper.selectClassList] is ignored, because it exists, maybe from xml file
2026-04-06 17:33:23.108 [main] ERROR c.baomidou.mybatisplus.core.MybatisConfiguration - mapper[com.example.student.mapper.CourseMapper.selectCourseBySemester] is ignored, because it exists, maybe from xml file
2026-04-06 17:33:23.109 [main] ERROR c.baomidou.mybatisplus.core.MybatisConfiguration - mapper[com.example.student.mapper.CourseMapper.selectCourseCountByDepartment] is ignored, because it exists, maybe from xml file
2026-04-06 17:33:23.174 [main] ERROR c.baomidou.mybatisplus.core.MybatisConfiguration - mapper[com.example.student.mapper.CourseOfferingMapper.getClassIdByCourseOfferingId] is ignored, because it exists, maybe from xml file
2026-04-06 17:33:23.174 [main] ERROR c.baomidou.mybatisplus.core.MybatisConfiguration - mapper[com.example.student.mapper.CourseOfferingMapper.selectAllSemesters] is ignored, because it exists, maybe from xml file
2026-04-06 17:33:23.372 [main] ERROR c.baomidou.mybatisplus.core.MybatisConfiguration - mapper[com.example.student.mapper.NoticeMapper.selectPublishedNotices] is ignored, because it exists, maybe from xml file
2026-04-06 17:33:30.969 [main] ERROR o.s.b.diagnostics.LoggingFailureAnalysisReporter - 

***************************
APPLICATION FAILED TO START
***************************

Description:

Web server failed to start. Port 8080 was already in use.

Action:

Identify and stop the process that's listening on port 8080 or configure this application to listen on another port.

2026-04-06 17:34:22.394 [main] ERROR org.apache.catalina.core.AprLifecycleListener - An incompatible version [1.2.26] of the Apache Tomcat Native library is installed, while Tomcat requires version [1.2.34]
2026-04-06 17:34:23.927 [main] ERROR c.baomidou.mybatisplus.core.MybatisConfiguration - mapper[com.example.student.mapper.ClassMapper.selectClassList] is ignored, because it exists, maybe from xml file
2026-04-06 17:34:24.092 [main] ERROR c.baomidou.mybatisplus.core.MybatisConfiguration - mapper[com.example.student.mapper.CourseMapper.selectCourseBySemester] is ignored, because it exists, maybe from xml file
2026-04-06 17:34:24.092 [main] ERROR c.baomidou.mybatisplus.core.MybatisConfiguration - mapper[com.example.student.mapper.CourseMapper.selectCourseCountByDepartment] is ignored, because it exists, maybe from xml file
2026-04-06 17:34:24.192 [main] ERROR c.baomidou.mybatisplus.core.MybatisConfiguration - mapper[com.example.student.mapper.CourseOfferingMapper.getClassIdByCourseOfferingId] is ignored, because it exists, maybe from xml file
2026-04-06 17:34:24.194 [main] ERROR c.baomidou.mybatisplus.core.MybatisConfiguration - mapper[com.example.student.mapper.CourseOfferingMapper.selectAllSemesters] is ignored, because it exists, maybe from xml file
2026-04-06 17:34:24.522 [main] ERROR c.baomidou.mybatisplus.core.MybatisConfiguration - mapper[com.example.student.mapper.NoticeMapper.selectPublishedNotices] is ignored, because it exists, maybe from xml file
2026-04-06 18:56:49.960 [http-nio-8080-exec-4] ERROR c.e.s.c.exception.CommonGlobalExceptionHandler - 系统异常: 
org.springframework.security.access.AccessDeniedException: Access Denied
	at org.springframework.security.authorization.method.AuthorizationManagerBeforeMethodInterceptor.attemptAuthorization(AuthorizationManagerBeforeMethodInterceptor.java:257)
	at org.springframework.security.authorization.method.AuthorizationManagerBeforeMethodInterceptor.invoke(AuthorizationManagerBeforeMethodInterceptor.java:198)
	at org.springframework.aop.framework.ReflectiveMethodInvocation.proceed(ReflectiveMethodInvocation.java:184)
	at org.springframework.aop.framework.CglibAopProxy$CglibMethodInvocation.proceed(CglibAopProxy.java:751)
	at org.springframework.aop.interceptor.ExposeInvocationInterceptor.invoke(ExposeInvocationInterceptor.java:97)
	at org.springframework.aop.framework.ReflectiveMethodInvocation.proceed(ReflectiveMethodInvocation.java:184)
	at org.springframework.aop.framework.CglibAopProxy$CglibMethodInvocation.proceed(CglibAopProxy.java:751)
	at org.springframework.aop.framework.CglibAopProxy$DynamicAdvisedInterceptor.intercept(CglibAopProxy.java:703)
	at com.example.student.controller.CourseController$$SpringCGLIB$$0.deleteCourseMaterial(<generated>)
	at java.base/jdk.internal.reflect.NativeMethodAccessorImpl.invoke0(Native Method)
	at java.base/jdk.internal.reflect.NativeMethodAccessorImpl.invoke(NativeMethodAccessorImpl.java:77)
	at java.base/jdk.internal.reflect.DelegatingMethodAccessorImpl.invoke(DelegatingMethodAccessorImpl.java:43)
	at java.base/java.lang.reflect.Method.invoke(Method.java:568)
	at org.springframework.web.method.support.InvocableHandlerMethod.doInvoke(InvocableHandlerMethod.java:205)
	at org.springframework.web.method.support.InvocableHandlerMethod.invokeForRequest(InvocableHandlerMethod.java:150)
	at org.springframework.web.servlet.mvc.method.annotation.ServletInvocableHandlerMethod.invokeAndHandle(ServletInvocableHandlerMethod.java:118)
	at org.springframework.web.servlet.mvc.method.annotation.RequestMappingHandlerAdapter.invokeHandlerMethod(RequestMappingHandlerAdapter.java:884)
	at org.springframework.web.servlet.mvc.method.annotation.RequestMappingHandlerAdapter.handleInternal(RequestMappingHandlerAdapter.java:797)
	at org.springframework.web.servlet.mvc.method.AbstractHandlerMethodAdapter.handle(AbstractHandlerMethodAdapter.java:87)
	at org.springframework.web.servlet.DispatcherServlet.doDispatch(DispatcherServlet.java:1081)
	at org.springframework.web.servlet.DispatcherServlet.doService(DispatcherServlet.java:974)
	at org.springframework.web.servlet.FrameworkServlet.processRequest(FrameworkServlet.java:1011)
	at org.springframework.web.servlet.FrameworkServlet.doDelete(FrameworkServlet.java:936)
	at jakarta.servlet.http.HttpServlet.service(HttpServlet.java:596)
	at org.springframework.web.servlet.FrameworkServlet.service(FrameworkServlet.java:885)
	at jakarta.servlet.http.HttpServlet.service(HttpServlet.java:658)
	at org.apache.catalina.core.ApplicationFilterChain.internalDoFilter(ApplicationFilterChain.java:205)
	at org.apache.catalina.core.ApplicationFilterChain.doFilter(ApplicationFilterChain.java:149)
	at org.apache.tomcat.websocket.server.WsFilter.doFilter(WsFilter.java:51)
	at org.apache.catalina.core.ApplicationFilterChain.internalDoFilter(ApplicationFilterChain.java:174)
	at org.apache.catalina.core.ApplicationFilterChain.doFilter(ApplicationFilterChain.java:149)
	at org.springframework.web.filter.CorsFilter.doFilterInternal(CorsFilter.java:91)
	at org.springframework.web.filter.OncePerRequestFilter.doFilter(OncePerRequestFilter.java:116)
	at org.apache.catalina.core.ApplicationFilterChain.internalDoFilter(ApplicationFilterChain.java:174)
	at org.apache.catalina.core.ApplicationFilterChain.doFilter(ApplicationFilterChain.java:149)
	at org.springframework.web.filter.OncePerRequestFilter.doFilter(OncePerRequestFilter.java:110)
	at org.apache.catalina.core.ApplicationFilterChain.internalDoFilter(ApplicationFilterChain.java:174)
	at org.apache.catalina.core.ApplicationFilterChain.doFilter(ApplicationFilterChain.java:149)
	at org.springframework.security.web.FilterChainProxy.lambda$doFilterInternal$3(FilterChainProxy.java:231)
	at org.springframework.security.web.FilterChainProxy$VirtualFilterChain.doFilter(FilterChainProxy.java:365)
	at org.springframework.security.web.access.intercept.AuthorizationFilter.doFilter(AuthorizationFilter.java:100)
	at org.springframework.security.web.FilterChainProxy$VirtualFilterChain.doFilter(FilterChainProxy.java:374)
	at org.springframework.security.web.access.ExceptionTranslationFilter.doFilter(ExceptionTranslationFilter.java:126)
	at org.springframework.security.web.access.ExceptionTranslationFilter.doFilter(ExceptionTranslationFilter.java:120)
	at org.springframework.security.web.FilterChainProxy$VirtualFilterChain.doFilter(FilterChainProxy.java:374)
	at org.springframework.security.web.session.SessionManagementFilter.doFilter(SessionManagementFilter.java:131)
	at org.springframework.security.web.session.SessionManagementFilter.doFilter(SessionManagementFilter.java:85)
	at org.springframework.security.web.FilterChainProxy$VirtualFilterChain.doFilter(FilterChainProxy.java:374)
	at org.springframework.security.web.authentication.AnonymousAuthenticationFilter.doFilter(AnonymousAuthenticationFilter.java:100)
	at org.springframework.security.web.FilterChainProxy$VirtualFilterChain.doFilter(FilterChainProxy.java:374)
	at org.springframework.security.web.servletapi.SecurityContextHolderAwareRequestFilter.doFilter(SecurityContextHolderAwareRequestFilter.java:179)
	at org.springframework.security.web.FilterChainProxy$VirtualFilterChain.doFilter(FilterChainProxy.java:374)
	at org.springframework.security.web.savedrequest.RequestCacheAwareFilter.doFilter(RequestCacheAwareFilter.java:63)
	at org.springframework.security.web.FilterChainProxy$VirtualFilterChain.doFilter(FilterChainProxy.java:374)
	at com.example.student.filter.JwtAuthenticationFilter.doFilterInternal(JwtAuthenticationFilter.java:108)
	at org.springframework.web.filter.OncePerRequestFilter.doFilter(OncePerRequestFilter.java:116)
	at org.springframework.security.web.FilterChainProxy$VirtualFilterChain.doFilter(FilterChainProxy.java:374)
	at org.springframework.security.web.authentication.logout.LogoutFilter.doFilter(LogoutFilter.java:107)
	at org.springframework.security.web.authentication.logout.LogoutFilter.doFilter(LogoutFilter.java:93)
	at org.springframework.security.web.FilterChainProxy$VirtualFilterChain.doFilter(FilterChainProxy.java:374)
	at org.springframework.security.web.header.HeaderWriterFilter.doHeadersAfter(HeaderWriterFilter.java:90)
	at org.springframework.security.web.header.HeaderWriterFilter.doFilterInternal(HeaderWriterFilter.java:75)
	at org.springframework.web.filter.OncePerRequestFilter.doFilter(OncePerRequestFilter.java:116)
	at org.springframework.security.web.FilterChainProxy$VirtualFilterChain.doFilter(FilterChainProxy.java:374)
	at org.springframework.security.web.context.SecurityContextHolderFilter.doFilter(SecurityContextHolderFilter.java:82)
	at org.springframework.security.web.context.SecurityContextHolderFilter.doFilter(SecurityContextHolderFilter.java:69)
	at org.springframework.security.web.FilterChainProxy$VirtualFilterChain.doFilter(FilterChainProxy.java:374)
	at org.springframework.security.web.context.request.async.WebAsyncManagerIntegrationFilter.doFilterInternal(WebAsyncManagerIntegrationFilter.java:62)
	at org.springframework.web.filter.OncePerRequestFilter.doFilter(OncePerRequestFilter.java:116)
	at org.springframework.security.web.FilterChainProxy$VirtualFilterChain.doFilter(FilterChainProxy.java:374)
	at org.springframework.security.web.session.DisableEncodeUrlFilter.doFilterInternal(DisableEncodeUrlFilter.java:42)
	at org.springframework.web.filter.OncePerRequestFilter.doFilter(OncePerRequestFilter.java:116)
	at org.springframework.security.web.FilterChainProxy$VirtualFilterChain.doFilter(FilterChainProxy.java:374)
	at org.springframework.security.web.FilterChainProxy.doFilterInternal(FilterChainProxy.java:233)
	at org.springframework.security.web.FilterChainProxy.doFilter(FilterChainProxy.java:191)
	at org.springframework.web.filter.DelegatingFilterProxy.invokeDelegate(DelegatingFilterProxy.java:352)
	at org.springframework.web.filter.DelegatingFilterProxy.doFilter(DelegatingFilterProxy.java:268)
	at org.apache.catalina.core.ApplicationFilterChain.internalDoFilter(ApplicationFilterChain.java:174)
	at org.apache.catalina.core.ApplicationFilterChain.doFilter(ApplicationFilterChain.java:149)
	at org.springframework.web.filter.RequestContextFilter.doFilterInternal(RequestContextFilter.java:100)
	at org.springframework.web.filter.OncePerRequestFilter.doFilter(OncePerRequestFilter.java:116)
	at org.apache.catalina.core.ApplicationFilterChain.internalDoFilter(ApplicationFilterChain.java:174)
	at org.apache.catalina.core.ApplicationFilterChain.doFilter(ApplicationFilterChain.java:149)
	at org.springframework.web.filter.FormContentFilter.doFilterInternal(FormContentFilter.java:93)
	at org.springframework.web.filter.OncePerRequestFilter.doFilter(OncePerRequestFilter.java:116)
	at org.apache.catalina.core.ApplicationFilterChain.internalDoFilter(ApplicationFilterChain.java:174)
	at org.apache.catalina.core.ApplicationFilterChain.doFilter(ApplicationFilterChain.java:149)
	at org.springframework.web.filter.CharacterEncodingFilter.doFilterInternal(CharacterEncodingFilter.java:201)
	at org.springframework.web.filter.OncePerRequestFilter.doFilter(OncePerRequestFilter.java:116)
	at org.apache.catalina.core.ApplicationFilterChain.internalDoFilter(ApplicationFilterChain.java:174)
	at org.apache.catalina.core.ApplicationFilterChain.doFilter(ApplicationFilterChain.java:149)
	at org.apache.catalina.core.StandardWrapperValve.invoke(StandardWrapperValve.java:167)
	at org.apache.catalina.core.StandardContextValve.invoke(StandardContextValve.java:90)
	at org.apache.catalina.authenticator.AuthenticatorBase.invoke(AuthenticatorBase.java:482)
	at org.apache.catalina.core.StandardHostValve.invoke(StandardHostValve.java:115)
	at org.apache.catalina.valves.ErrorReportValve.invoke(ErrorReportValve.java:93)
	at org.apache.catalina.core.StandardEngineValve.invoke(StandardEngineValve.java:74)
	at org.apache.catalina.connector.CoyoteAdapter.service(CoyoteAdapter.java:340)
	at org.apache.coyote.http11.Http11Processor.service(Http11Processor.java:391)
	at org.apache.coyote.AbstractProcessorLight.process(AbstractProcessorLight.java:63)
	at org.apache.coyote.AbstractProtocol$ConnectionHandler.process(AbstractProtocol.java:896)
	at org.apache.tomcat.util.net.NioEndpoint$SocketProcessor.doRun(NioEndpoint.java:1744)
	at org.apache.tomcat.util.net.SocketProcessorBase.run(SocketProcessorBase.java:52)
	at org.apache.tomcat.util.threads.ThreadPoolExecutor.runWorker(ThreadPoolExecutor.java:1191)
	at org.apache.tomcat.util.threads.ThreadPoolExecutor$Worker.run(ThreadPoolExecutor.java:659)
	at org.apache.tomcat.util.threads.TaskThread$WrappingRunnable.run(TaskThread.java:61)
	at java.base/java.lang.Thread.run(Thread.java:842)
2026-04-06 18:57:08.602 [http-nio-8080-exec-3] ERROR c.e.s.c.exception.CommonGlobalExceptionHandler - 系统异常: 
org.springframework.security.access.AccessDeniedException: Access Denied
	at org.springframework.security.authorization.method.AuthorizationManagerBeforeMethodInterceptor.attemptAuthorization(AuthorizationManagerBeforeMethodInterceptor.java:257)
	at org.springframework.security.authorization.method.AuthorizationManagerBeforeMethodInterceptor.invoke(AuthorizationManagerBeforeMethodInterceptor.java:198)
	at org.springframework.aop.framework.ReflectiveMethodInvocation.proceed(ReflectiveMethodInvocation.java:184)
	at org.springframework.aop.framework.CglibAopProxy$CglibMethodInvocation.proceed(CglibAopProxy.java:751)
	at org.springframework.aop.interceptor.ExposeInvocationInterceptor.invoke(ExposeInvocationInterceptor.java:97)
	at org.springframework.aop.framework.ReflectiveMethodInvocation.proceed(ReflectiveMethodInvocation.java:184)
	at org.springframework.aop.framework.CglibAopProxy$CglibMethodInvocation.proceed(CglibAopProxy.java:751)
	at org.springframework.aop.framework.CglibAopProxy$DynamicAdvisedInterceptor.intercept(CglibAopProxy.java:703)
	at com.example.student.controller.TeacherController$$SpringCGLIB$$0.getAllTeachers(<generated>)
	at java.base/jdk.internal.reflect.NativeMethodAccessorImpl.invoke0(Native Method)
	at java.base/jdk.internal.reflect.NativeMethodAccessorImpl.invoke(NativeMethodAccessorImpl.java:77)
	at java.base/jdk.internal.reflect.DelegatingMethodAccessorImpl.invoke(DelegatingMethodAccessorImpl.java:43)
	at java.base/java.lang.reflect.Method.invoke(Method.java:568)
	at org.springframework.web.method.support.InvocableHandlerMethod.doInvoke(InvocableHandlerMethod.java:205)
	at org.springframework.web.method.support.InvocableHandlerMethod.invokeForRequest(InvocableHandlerMethod.java:150)
	at org.springframework.web.servlet.mvc.method.annotation.ServletInvocableHandlerMethod.invokeAndHandle(ServletInvocableHandlerMethod.java:118)
	at org.springframework.web.servlet.mvc.method.annotation.RequestMappingHandlerAdapter.invokeHandlerMethod(RequestMappingHandlerAdapter.java:884)
	at org.springframework.web.servlet.mvc.method.annotation.RequestMappingHandlerAdapter.handleInternal(RequestMappingHandlerAdapter.java:797)
	at org.springframework.web.servlet.mvc.method.AbstractHandlerMethodAdapter.handle(AbstractHandlerMethodAdapter.java:87)
	at org.springframework.web.servlet.DispatcherServlet.doDispatch(DispatcherServlet.java:1081)
	at org.springframework.web.servlet.DispatcherServlet.doService(DispatcherServlet.java:974)
	at org.springframework.web.servlet.FrameworkServlet.processRequest(FrameworkServlet.java:1011)
	at org.springframework.web.servlet.FrameworkServlet.doGet(FrameworkServlet.java:903)
	at jakarta.servlet.http.HttpServlet.service(HttpServlet.java:564)
	at org.springframework.web.servlet.FrameworkServlet.service(FrameworkServlet.java:885)
	at jakarta.servlet.http.HttpServlet.service(HttpServlet.java:658)
	at org.apache.catalina.core.ApplicationFilterChain.internalDoFilter(ApplicationFilterChain.java:205)
	at org.apache.catalina.core.ApplicationFilterChain.doFilter(ApplicationFilterChain.java:149)
	at org.apache.tomcat.websocket.server.WsFilter.doFilter(WsFilter.java:51)
	at org.apache.catalina.core.ApplicationFilterChain.internalDoFilter(ApplicationFilterChain.java:174)
	at org.apache.catalina.core.ApplicationFilterChain.doFilter(ApplicationFilterChain.java:149)
	at org.springframework.web.filter.CorsFilter.doFilterInternal(CorsFilter.java:91)
	at org.springframework.web.filter.OncePerRequestFilter.doFilter(OncePerRequestFilter.java:116)
	at org.apache.catalina.core.ApplicationFilterChain.internalDoFilter(ApplicationFilterChain.java:174)
	at org.apache.catalina.core.ApplicationFilterChain.doFilter(ApplicationFilterChain.java:149)
	at org.springframework.web.filter.OncePerRequestFilter.doFilter(OncePerRequestFilter.java:110)
	at org.apache.catalina.core.ApplicationFilterChain.internalDoFilter(ApplicationFilterChain.java:174)
	at org.apache.catalina.core.ApplicationFilterChain.doFilter(ApplicationFilterChain.java:149)
	at org.springframework.security.web.FilterChainProxy.lambda$doFilterInternal$3(FilterChainProxy.java:231)
	at org.springframework.security.web.FilterChainProxy$VirtualFilterChain.doFilter(FilterChainProxy.java:365)
	at org.springframework.security.web.access.intercept.AuthorizationFilter.doFilter(AuthorizationFilter.java:100)
	at org.springframework.security.web.FilterChainProxy$VirtualFilterChain.doFilter(FilterChainProxy.java:374)
	at org.springframework.security.web.access.ExceptionTranslationFilter.doFilter(ExceptionTranslationFilter.java:126)
	at org.springframework.security.web.access.ExceptionTranslationFilter.doFilter(ExceptionTranslationFilter.java:120)
	at org.springframework.security.web.FilterChainProxy$VirtualFilterChain.doFilter(FilterChainProxy.java:374)
	at org.springframework.security.web.session.SessionManagementFilter.doFilter(SessionManagementFilter.java:131)
	at org.springframework.security.web.session.SessionManagementFilter.doFilter(SessionManagementFilter.java:85)
	at org.springframework.security.web.FilterChainProxy$VirtualFilterChain.doFilter(FilterChainProxy.java:374)
	at org.springframework.security.web.authentication.AnonymousAuthenticationFilter.doFilter(AnonymousAuthenticationFilter.java:100)
	at org.springframework.security.web.FilterChainProxy$VirtualFilterChain.doFilter(FilterChainProxy.java:374)
	at org.springframework.security.web.servletapi.SecurityContextHolderAwareRequestFilter.doFilter(SecurityContextHolderAwareRequestFilter.java:179)
	at org.springframework.security.web.FilterChainProxy$VirtualFilterChain.doFilter(FilterChainProxy.java:374)
	at org.springframework.security.web.savedrequest.RequestCacheAwareFilter.doFilter(RequestCacheAwareFilter.java:63)
	at org.springframework.security.web.FilterChainProxy$VirtualFilterChain.doFilter(FilterChainProxy.java:374)
	at com.example.student.filter.JwtAuthenticationFilter.doFilterInternal(JwtAuthenticationFilter.java:108)
	at org.springframework.web.filter.OncePerRequestFilter.doFilter(OncePerRequestFilter.java:116)
	at org.springframework.security.web.FilterChainProxy$VirtualFilterChain.doFilter(FilterChainProxy.java:374)
	at org.springframework.security.web.authentication.logout.LogoutFilter.doFilter(LogoutFilter.java:107)
	at org.springframework.security.web.authentication.logout.LogoutFilter.doFilter(LogoutFilter.java:93)
	at org.springframework.security.web.FilterChainProxy$VirtualFilterChain.doFilter(FilterChainProxy.java:374)
	at org.springframework.security.web.header.HeaderWriterFilter.doHeadersAfter(HeaderWriterFilter.java:90)
	at org.springframework.security.web.header.HeaderWriterFilter.doFilterInternal(HeaderWriterFilter.java:75)
	at org.springframework.web.filter.OncePerRequestFilter.doFilter(OncePerRequestFilter.java:116)
	at org.springframework.security.web.FilterChainProxy$VirtualFilterChain.doFilter(FilterChainProxy.java:374)
	at org.springframework.security.web.context.SecurityContextHolderFilter.doFilter(SecurityContextHolderFilter.java:82)
	at org.springframework.security.web.context.SecurityContextHolderFilter.doFilter(SecurityContextHolderFilter.java:69)
	at org.springframework.security.web.FilterChainProxy$VirtualFilterChain.doFilter(FilterChainProxy.java:374)
	at org.springframework.security.web.context.request.async.WebAsyncManagerIntegrationFilter.doFilterInternal(WebAsyncManagerIntegrationFilter.java:62)
	at org.springframework.web.filter.OncePerRequestFilter.doFilter(OncePerRequestFilter.java:116)
	at org.springframework.security.web.FilterChainProxy$VirtualFilterChain.doFilter(FilterChainProxy.java:374)
	at org.springframework.security.web.session.DisableEncodeUrlFilter.doFilterInternal(DisableEncodeUrlFilter.java:42)
	at org.springframework.web.filter.OncePerRequestFilter.doFilter(OncePerRequestFilter.java:116)
	at org.springframework.security.web.FilterChainProxy$VirtualFilterChain.doFilter(FilterChainProxy.java:374)
	at org.springframework.security.web.FilterChainProxy.doFilterInternal(FilterChainProxy.java:233)
	at org.springframework.security.web.FilterChainProxy.doFilter(FilterChainProxy.java:191)
	at org.springframework.web.filter.DelegatingFilterProxy.invokeDelegate(DelegatingFilterProxy.java:352)
	at org.springframework.web.filter.DelegatingFilterProxy.doFilter(DelegatingFilterProxy.java:268)
	at org.apache.catalina.core.ApplicationFilterChain.internalDoFilter(ApplicationFilterChain.java:174)
	at org.apache.catalina.core.ApplicationFilterChain.doFilter(ApplicationFilterChain.java:149)
	at org.springframework.web.filter.RequestContextFilter.doFilterInternal(RequestContextFilter.java:100)
	at org.springframework.web.filter.OncePerRequestFilter.doFilter(OncePerRequestFilter.java:116)
	at org.apache.catalina.core.ApplicationFilterChain.internalDoFilter(ApplicationFilterChain.java:174)
	at org.apache.catalina.core.ApplicationFilterChain.doFilter(ApplicationFilterChain.java:149)
	at org.springframework.web.filter.FormContentFilter.doFilterInternal(FormContentFilter.java:93)
	at org.springframework.web.filter.OncePerRequestFilter.doFilter(OncePerRequestFilter.java:116)
	at org.apache.catalina.core.ApplicationFilterChain.internalDoFilter(ApplicationFilterChain.java:174)
	at org.apache.catalina.core.ApplicationFilterChain.doFilter(ApplicationFilterChain.java:149)
	at org.springframework.web.filter.CharacterEncodingFilter.doFilterInternal(CharacterEncodingFilter.java:201)
	at org.springframework.web.filter.OncePerRequestFilter.doFilter(OncePerRequestFilter.java:116)
	at org.apache.catalina.core.ApplicationFilterChain.internalDoFilter(ApplicationFilterChain.java:174)
	at org.apache.catalina.core.ApplicationFilterChain.doFilter(ApplicationFilterChain.java:149)
	at org.apache.catalina.core.StandardWrapperValve.invoke(StandardWrapperValve.java:167)
	at org.apache.catalina.core.StandardContextValve.invoke(StandardContextValve.java:90)
	at org.apache.catalina.authenticator.AuthenticatorBase.invoke(AuthenticatorBase.java:482)
	at org.apache.catalina.core.StandardHostValve.invoke(StandardHostValve.java:115)
	at org.apache.catalina.valves.ErrorReportValve.invoke(ErrorReportValve.java:93)
	at org.apache.catalina.core.StandardEngineValve.invoke(StandardEngineValve.java:74)
	at org.apache.catalina.connector.CoyoteAdapter.service(CoyoteAdapter.java:340)
	at org.apache.coyote.http11.Http11Processor.service(Http11Processor.java:391)
	at org.apache.coyote.AbstractProcessorLight.process(AbstractProcessorLight.java:63)
	at org.apache.coyote.AbstractProtocol$ConnectionHandler.process(AbstractProtocol.java:896)
	at org.apache.tomcat.util.net.NioEndpoint$SocketProcessor.doRun(NioEndpoint.java:1744)
	at org.apache.tomcat.util.net.SocketProcessorBase.run(SocketProcessorBase.java:52)
	at org.apache.tomcat.util.threads.ThreadPoolExecutor.runWorker(ThreadPoolExecutor.java:1191)
	at org.apache.tomcat.util.threads.ThreadPoolExecutor$Worker.run(ThreadPoolExecutor.java:659)
	at org.apache.tomcat.util.threads.TaskThread$WrappingRunnable.run(TaskThread.java:61)
	at java.base/java.lang.Thread.run(Thread.java:842)
2026-04-06 19:49:40.562 [main] ERROR org.apache.catalina.core.AprLifecycleListener - An incompatible version [1.2.26] of the Apache Tomcat Native library is installed, while Tomcat requires version [1.2.34]
2026-04-06 19:49:41.391 [main] ERROR c.baomidou.mybatisplus.core.MybatisConfiguration - mapper[com.example.student.mapper.ClassMapper.selectClassList] is ignored, because it exists, maybe from xml file
2026-04-06 19:49:41.455 [main] ERROR c.baomidou.mybatisplus.core.MybatisConfiguration - mapper[com.example.student.mapper.CourseMapper.selectCourseBySemester] is ignored, because it exists, maybe from xml file
2026-04-06 19:49:41.455 [main] ERROR c.baomidou.mybatisplus.core.MybatisConfiguration - mapper[com.example.student.mapper.CourseMapper.selectCourseCountByDepartment] is ignored, because it exists, maybe from xml file
2026-04-06 19:49:41.494 [main] ERROR c.baomidou.mybatisplus.core.MybatisConfiguration - mapper[com.example.student.mapper.CourseOfferingMapper.getClassIdByCourseOfferingId] is ignored, because it exists, maybe from xml file
2026-04-06 19:49:41.494 [main] ERROR c.baomidou.mybatisplus.core.MybatisConfiguration - mapper[com.example.student.mapper.CourseOfferingMapper.selectAllSemesters] is ignored, because it exists, maybe from xml file
2026-04-06 19:49:41.609 [main] ERROR c.baomidou.mybatisplus.core.MybatisConfiguration - mapper[com.example.student.mapper.NoticeMapper.selectPublishedNotices] is ignored, because it exists, maybe from xml file
2026-04-06 19:49:45.216 [main] ERROR o.s.b.diagnostics.LoggingFailureAnalysisReporter - 

***************************
APPLICATION FAILED TO START
***************************

Description:

Web server failed to start. Port 8080 was already in use.

Action:

Identify and stop the process that's listening on port 8080 or configure this application to listen on another port.

2026-04-06 19:50:28.813 [main] ERROR org.apache.catalina.core.AprLifecycleListener - An incompatible version [1.2.26] of the Apache Tomcat Native library is installed, while Tomcat requires version [1.2.34]
2026-04-06 19:50:29.520 [main] ERROR c.baomidou.mybatisplus.core.MybatisConfiguration - mapper[com.example.student.mapper.ClassMapper.selectClassList] is ignored, because it exists, maybe from xml file
2026-04-06 19:50:29.587 [main] ERROR c.baomidou.mybatisplus.core.MybatisConfiguration - mapper[com.example.student.mapper.CourseMapper.selectCourseBySemester] is ignored, because it exists, maybe from xml file
2026-04-06 19:50:29.587 [main] ERROR c.baomidou.mybatisplus.core.MybatisConfiguration - mapper[com.example.student.mapper.CourseMapper.selectCourseCountByDepartment] is ignored, because it exists, maybe from xml file
2026-04-06 19:50:29.641 [main] ERROR c.baomidou.mybatisplus.core.MybatisConfiguration - mapper[com.example.student.mapper.CourseOfferingMapper.getClassIdByCourseOfferingId] is ignored, because it exists, maybe from xml file
2026-04-06 19:50:29.642 [main] ERROR c.baomidou.mybatisplus.core.MybatisConfiguration - mapper[com.example.student.mapper.CourseOfferingMapper.selectAllSemesters] is ignored, because it exists, maybe from xml file
2026-04-06 19:50:29.758 [main] ERROR c.baomidou.mybatisplus.core.MybatisConfiguration - mapper[com.example.student.mapper.NoticeMapper.selectPublishedNotices] is ignored, because it exists, maybe from xml file
2026-04-06 21:02:16.591 [main] ERROR org.apache.catalina.core.AprLifecycleListener - An incompatible version [1.2.26] of the Apache Tomcat Native library is installed, while Tomcat requires version [1.2.34]
2026-04-06 21:02:17.438 [main] ERROR c.baomidou.mybatisplus.core.MybatisConfiguration - mapper[com.example.student.mapper.ClassMapper.selectClassList] is ignored, because it exists, maybe from xml file
2026-04-06 21:02:17.501 [main] ERROR c.baomidou.mybatisplus.core.MybatisConfiguration - mapper[com.example.student.mapper.CourseMapper.selectCourseBySemester] is ignored, because it exists, maybe from xml file
2026-04-06 21:02:17.503 [main] ERROR c.baomidou.mybatisplus.core.MybatisConfiguration - mapper[com.example.student.mapper.CourseMapper.selectCourseCountByDepartment] is ignored, because it exists, maybe from xml file
2026-04-06 21:02:17.538 [main] ERROR c.baomidou.mybatisplus.core.MybatisConfiguration - mapper[com.example.student.mapper.CourseOfferingMapper.getClassIdByCourseOfferingId] is ignored, because it exists, maybe from xml file
2026-04-06 21:02:17.539 [main] ERROR c.baomidou.mybatisplus.core.MybatisConfiguration - mapper[com.example.student.mapper.CourseOfferingMapper.selectAllSemesters] is ignored, because it exists, maybe from xml file
2026-04-06 21:02:17.638 [main] ERROR c.baomidou.mybatisplus.core.MybatisConfiguration - mapper[com.example.student.mapper.NoticeMapper.selectPublishedNotices] is ignored, because it exists, maybe from xml file
2026-04-06 21:02:21.513 [main] ERROR o.s.b.diagnostics.LoggingFailureAnalysisReporter - 

***************************
APPLICATION FAILED TO START
***************************

Description:

Web server failed to start. Port 8080 was already in use.

Action:

Identify and stop the process that's listening on port 8080 or configure this application to listen on another port.

2026-04-06 21:03:07.299 [main] ERROR org.apache.catalina.core.AprLifecycleListener - An incompatible version [1.2.26] of the Apache Tomcat Native library is installed, while Tomcat requires version [1.2.34]
2026-04-06 21:03:08.022 [main] ERROR c.baomidou.mybatisplus.core.MybatisConfiguration - mapper[com.example.student.mapper.ClassMapper.selectClassList] is ignored, because it exists, maybe from xml file
2026-04-06 21:03:08.086 [main] ERROR c.baomidou.mybatisplus.core.MybatisConfiguration - mapper[com.example.student.mapper.CourseMapper.selectCourseBySemester] is ignored, because it exists, maybe from xml file
2026-04-06 21:03:08.087 [main] ERROR c.baomidou.mybatisplus.core.MybatisConfiguration - mapper[com.example.student.mapper.CourseMapper.selectCourseCountByDepartment] is ignored, because it exists, maybe from xml file
2026-04-06 21:03:08.125 [main] ERROR c.baomidou.mybatisplus.core.MybatisConfiguration - mapper[com.example.student.mapper.CourseOfferingMapper.getClassIdByCourseOfferingId] is ignored, because it exists, maybe from xml file
2026-04-06 21:03:08.126 [main] ERROR c.baomidou.mybatisplus.core.MybatisConfiguration - mapper[com.example.student.mapper.CourseOfferingMapper.selectAllSemesters] is ignored, because it exists, maybe from xml file
2026-04-06 21:03:08.236 [main] ERROR c.baomidou.mybatisplus.core.MybatisConfiguration - mapper[com.example.student.mapper.NoticeMapper.selectPublishedNotices] is ignored, because it exists, maybe from xml file
2026-04-06 21:15:12.902 [main] ERROR org.apache.catalina.core.AprLifecycleListener - An incompatible version [1.2.26] of the Apache Tomcat Native library is installed, while Tomcat requires version [1.2.34]
2026-04-06 21:15:13.834 [main] ERROR c.baomidou.mybatisplus.core.MybatisConfiguration - mapper[com.example.student.mapper.ClassMapper.selectClassList] is ignored, because it exists, maybe from xml file
2026-04-06 21:15:13.891 [main] ERROR c.baomidou.mybatisplus.core.MybatisConfiguration - mapper[com.example.student.mapper.CourseMapper.selectCourseBySemester] is ignored, because it exists, maybe from xml file
2026-04-06 21:15:13.894 [main] ERROR c.baomidou.mybatisplus.core.MybatisConfiguration - mapper[com.example.student.mapper.CourseMapper.selectCourseCountByDepartment] is ignored, because it exists, maybe from xml file
2026-04-06 21:15:13.938 [main] ERROR c.baomidou.mybatisplus.core.MybatisConfiguration - mapper[com.example.student.mapper.CourseOfferingMapper.getClassIdByCourseOfferingId] is ignored, because it exists, maybe from xml file
2026-04-06 21:15:13.938 [main] ERROR c.baomidou.mybatisplus.core.MybatisConfiguration - mapper[com.example.student.mapper.CourseOfferingMapper.selectAllSemesters] is ignored, because it exists, maybe from xml file
2026-04-06 21:15:14.054 [main] ERROR c.baomidou.mybatisplus.core.MybatisConfiguration - mapper[com.example.student.mapper.NoticeMapper.selectPublishedNotices] is ignored, because it exists, maybe from xml file
2026-04-06 21:15:17.900 [main] ERROR o.s.b.diagnostics.LoggingFailureAnalysisReporter - 

***************************
APPLICATION FAILED TO START
***************************

Description:

Web server failed to start. Port 8080 was already in use.

Action:

Identify and stop the process that's listening on port 8080 or configure this application to listen on another port.

2026-04-06 21:15:56.818 [main] ERROR org.apache.catalina.core.AprLifecycleListener - An incompatible version [1.2.26] of the Apache Tomcat Native library is installed, while Tomcat requires version [1.2.34]
2026-04-06 21:15:57.556 [main] ERROR c.baomidou.mybatisplus.core.MybatisConfiguration - mapper[com.example.student.mapper.ClassMapper.selectClassList] is ignored, because it exists, maybe from xml file
2026-04-06 21:15:57.611 [main] ERROR c.baomidou.mybatisplus.core.MybatisConfiguration - mapper[com.example.student.mapper.CourseMapper.selectCourseBySemester] is ignored, because it exists, maybe from xml file
2026-04-06 21:15:57.614 [main] ERROR c.baomidou.mybatisplus.core.MybatisConfiguration - mapper[com.example.student.mapper.CourseMapper.selectCourseCountByDepartment] is ignored, because it exists, maybe from xml file
2026-04-06 21:15:57.659 [main] ERROR c.baomidou.mybatisplus.core.MybatisConfiguration - mapper[com.example.student.mapper.CourseOfferingMapper.getClassIdByCourseOfferingId] is ignored, because it exists, maybe from xml file
2026-04-06 21:15:57.659 [main] ERROR c.baomidou.mybatisplus.core.MybatisConfiguration - mapper[com.example.student.mapper.CourseOfferingMapper.selectAllSemesters] is ignored, because it exists, maybe from xml file
2026-04-06 21:15:57.766 [main] ERROR c.baomidou.mybatisplus.core.MybatisConfiguration - mapper[com.example.student.mapper.NoticeMapper.selectPublishedNotices] is ignored, because it exists, maybe from xml file
2026-04-06 21:19:03.119 [main] ERROR org.apache.catalina.core.AprLifecycleListener - An incompatible version [1.2.26] of the Apache Tomcat Native library is installed, while Tomcat requires version [1.2.34]
2026-04-06 21:19:03.942 [main] ERROR c.baomidou.mybatisplus.core.MybatisConfiguration - mapper[com.example.student.mapper.ClassMapper.selectClassList] is ignored, because it exists, maybe from xml file
2026-04-06 21:19:03.988 [main] ERROR c.baomidou.mybatisplus.core.MybatisConfiguration - mapper[com.example.student.mapper.CourseMapper.selectCourseBySemester] is ignored, because it exists, maybe from xml file
2026-04-06 21:19:03.990 [main] ERROR c.baomidou.mybatisplus.core.MybatisConfiguration - mapper[com.example.student.mapper.CourseMapper.selectCourseCountByDepartment] is ignored, because it exists, maybe from xml file
2026-04-06 21:19:04.032 [main] ERROR c.baomidou.mybatisplus.core.MybatisConfiguration - mapper[com.example.student.mapper.CourseOfferingMapper.getClassIdByCourseOfferingId] is ignored, because it exists, maybe from xml file
2026-04-06 21:19:04.032 [main] ERROR c.baomidou.mybatisplus.core.MybatisConfiguration - mapper[com.example.student.mapper.CourseOfferingMapper.selectAllSemesters] is ignored, because it exists, maybe from xml file
2026-04-06 21:19:04.128 [main] ERROR c.baomidou.mybatisplus.core.MybatisConfiguration - mapper[com.example.student.mapper.NoticeMapper.selectPublishedNotices] is ignored, because it exists, maybe from xml file
2026-04-06 21:19:07.842 [main] ERROR o.s.b.diagnostics.LoggingFailureAnalysisReporter - 

***************************
APPLICATION FAILED TO START
***************************

Description:

Web server failed to start. Port 8080 was already in use.

Action:

Identify and stop the process that's listening on port 8080 or configure this application to listen on another port.

2026-04-06 21:19:50.406 [main] ERROR org.apache.catalina.core.AprLifecycleListener - An incompatible version [1.2.26] of the Apache Tomcat Native library is installed, while Tomcat requires version [1.2.34]
2026-04-06 21:19:51.149 [main] ERROR c.baomidou.mybatisplus.core.MybatisConfiguration - mapper[com.example.student.mapper.ClassMapper.selectClassList] is ignored, because it exists, maybe from xml file
2026-04-06 21:19:51.202 [main] ERROR c.baomidou.mybatisplus.core.MybatisConfiguration - mapper[com.example.student.mapper.CourseMapper.selectCourseBySemester] is ignored, because it exists, maybe from xml file
2026-04-06 21:19:51.202 [main] ERROR c.baomidou.mybatisplus.core.MybatisConfiguration - mapper[com.example.student.mapper.CourseMapper.selectCourseCountByDepartment] is ignored, because it exists, maybe from xml file
2026-04-06 21:19:51.242 [main] ERROR c.baomidou.mybatisplus.core.MybatisConfiguration - mapper[com.example.student.mapper.CourseOfferingMapper.getClassIdByCourseOfferingId] is ignored, because it exists, maybe from xml file
2026-04-06 21:19:51.242 [main] ERROR c.baomidou.mybatisplus.core.MybatisConfiguration - mapper[com.example.student.mapper.CourseOfferingMapper.selectAllSemesters] is ignored, because it exists, maybe from xml file
2026-04-06 21:19:51.356 [main] ERROR c.baomidou.mybatisplus.core.MybatisConfiguration - mapper[com.example.student.mapper.NoticeMapper.selectPublishedNotices] is ignored, because it exists, maybe from xml file
2026-04-06 21:27:03.022 [main] ERROR org.apache.catalina.core.AprLifecycleListener - An incompatible version [1.2.26] of the Apache Tomcat Native library is installed, while Tomcat requires version [1.2.34]
2026-04-06 21:27:03.898 [main] ERROR c.baomidou.mybatisplus.core.MybatisConfiguration - mapper[com.example.student.mapper.ClassMapper.selectClassList] is ignored, because it exists, maybe from xml file
2026-04-06 21:27:03.953 [main] ERROR c.baomidou.mybatisplus.core.MybatisConfiguration - mapper[com.example.student.mapper.CourseMapper.selectCourseCountByDepartment] is ignored, because it exists, maybe from xml file
2026-04-06 21:27:03.954 [main] ERROR c.baomidou.mybatisplus.core.MybatisConfiguration - mapper[com.example.student.mapper.CourseMapper.selectCourseBySemester] is ignored, because it exists, maybe from xml file
2026-04-06 21:27:03.991 [main] ERROR c.baomidou.mybatisplus.core.MybatisConfiguration - mapper[com.example.student.mapper.CourseOfferingMapper.getClassIdByCourseOfferingId] is ignored, because it exists, maybe from xml file
2026-04-06 21:27:03.993 [main] ERROR c.baomidou.mybatisplus.core.MybatisConfiguration - mapper[com.example.student.mapper.CourseOfferingMapper.selectAllSemesters] is ignored, because it exists, maybe from xml file
2026-04-06 21:27:04.093 [main] ERROR c.baomidou.mybatisplus.core.MybatisConfiguration - mapper[com.example.student.mapper.NoticeMapper.selectPublishedNotices] is ignored, because it exists, maybe from xml file
2026-04-06 21:27:07.619 [main] ERROR o.s.b.diagnostics.LoggingFailureAnalysisReporter - 

***************************
APPLICATION FAILED TO START
***************************

Description:

Web server failed to start. Port 8080 was already in use.

Action:

Identify and stop the process that's listening on port 8080 or configure this application to listen on another port.

2026-04-06 21:27:57.407 [main] ERROR org.apache.catalina.core.AprLifecycleListener - An incompatible version [1.2.26] of the Apache Tomcat Native library is installed, while Tomcat requires version [1.2.34]
2026-04-06 21:27:58.160 [main] ERROR c.baomidou.mybatisplus.core.MybatisConfiguration - mapper[com.example.student.mapper.ClassMapper.selectClassList] is ignored, because it exists, maybe from xml file
2026-04-06 21:27:58.225 [main] ERROR c.baomidou.mybatisplus.core.MybatisConfiguration - mapper[com.example.student.mapper.CourseMapper.selectCourseBySemester] is ignored, because it exists, maybe from xml file
2026-04-06 21:27:58.227 [main] ERROR c.baomidou.mybatisplus.core.MybatisConfiguration - mapper[com.example.student.mapper.CourseMapper.selectCourseCountByDepartment] is ignored, because it exists, maybe from xml file
2026-04-06 21:27:58.273 [main] ERROR c.baomidou.mybatisplus.core.MybatisConfiguration - mapper[com.example.student.mapper.CourseOfferingMapper.getClassIdByCourseOfferingId] is ignored, because it exists, maybe from xml file
2026-04-06 21:27:58.273 [main] ERROR c.baomidou.mybatisplus.core.MybatisConfiguration - mapper[com.example.student.mapper.CourseOfferingMapper.selectAllSemesters] is ignored, because it exists, maybe from xml file
2026-04-06 21:27:58.381 [main] ERROR c.baomidou.mybatisplus.core.MybatisConfiguration - mapper[com.example.student.mapper.NoticeMapper.selectPublishedNotices] is ignored, because it exists, maybe from xml file
2026-04-06 22:08:12.790 [main] ERROR org.apache.catalina.core.AprLifecycleListener - An incompatible version [1.2.26] of the Apache Tomcat Native library is installed, while Tomcat requires version [1.2.34]
2026-04-06 22:08:13.606 [main] ERROR c.baomidou.mybatisplus.core.MybatisConfiguration - mapper[com.example.student.mapper.ClassMapper.selectClassList] is ignored, because it exists, maybe from xml file
2026-04-06 22:08:13.664 [main] ERROR c.baomidou.mybatisplus.core.MybatisConfiguration - mapper[com.example.student.mapper.CourseMapper.selectCourseBySemester] is ignored, because it exists, maybe from xml file
2026-04-06 22:08:13.664 [main] ERROR c.baomidou.mybatisplus.core.MybatisConfiguration - mapper[com.example.student.mapper.CourseMapper.selectCourseCountByDepartment] is ignored, because it exists, maybe from xml file
2026-04-06 22:08:13.701 [main] ERROR c.baomidou.mybatisplus.core.MybatisConfiguration - mapper[com.example.student.mapper.CourseOfferingMapper.getClassIdByCourseOfferingId] is ignored, because it exists, maybe from xml file
2026-04-06 22:08:13.701 [main] ERROR c.baomidou.mybatisplus.core.MybatisConfiguration - mapper[com.example.student.mapper.CourseOfferingMapper.selectAllSemesters] is ignored, because it exists, maybe from xml file
2026-04-06 22:08:13.801 [main] ERROR c.baomidou.mybatisplus.core.MybatisConfiguration - mapper[com.example.student.mapper.NoticeMapper.selectPublishedNotices] is ignored, because it exists, maybe from xml file
2026-04-06 22:08:17.448 [main] ERROR o.s.b.diagnostics.LoggingFailureAnalysisReporter - 

***************************
APPLICATION FAILED TO START
***************************

Description:

Web server failed to start. Port 8080 was already in use.

Action:

Identify and stop the process that's listening on port 8080 or configure this application to listen on another port.

2026-04-06 22:09:10.821 [main] ERROR org.apache.catalina.core.AprLifecycleListener - An incompatible version [1.2.26] of the Apache Tomcat Native library is installed, while Tomcat requires version [1.2.34]
2026-04-06 22:09:11.499 [main] ERROR c.baomidou.mybatisplus.core.MybatisConfiguration - mapper[com.example.student.mapper.ClassMapper.selectClassList] is ignored, because it exists, maybe from xml file
2026-04-06 22:09:11.562 [main] ERROR c.baomidou.mybatisplus.core.MybatisConfiguration - mapper[com.example.student.mapper.CourseMapper.selectCourseBySemester] is ignored, because it exists, maybe from xml file
2026-04-06 22:09:11.563 [main] ERROR c.baomidou.mybatisplus.core.MybatisConfiguration - mapper[com.example.student.mapper.CourseMapper.selectCourseCountByDepartment] is ignored, because it exists, maybe from xml file
2026-04-06 22:09:11.598 [main] ERROR c.baomidou.mybatisplus.core.MybatisConfiguration - mapper[com.example.student.mapper.CourseOfferingMapper.getClassIdByCourseOfferingId] is ignored, because it exists, maybe from xml file
2026-04-06 22:09:11.599 [main] ERROR c.baomidou.mybatisplus.core.MybatisConfiguration - mapper[com.example.student.mapper.CourseOfferingMapper.selectAllSemesters] is ignored, because it exists, maybe from xml file
2026-04-06 22:09:11.692 [main] ERROR c.baomidou.mybatisplus.core.MybatisConfiguration - mapper[com.example.student.mapper.NoticeMapper.selectPublishedNotices] is ignored, because it exists, maybe from xml file
2026-04-06 22:18:06.790 [main] ERROR org.apache.catalina.core.AprLifecycleListener - An incompatible version [1.2.26] of the Apache Tomcat Native library is installed, while Tomcat requires version [1.2.34]
2026-04-06 22:18:07.583 [main] ERROR c.baomidou.mybatisplus.core.MybatisConfiguration - mapper[com.example.student.mapper.ClassMapper.selectClassList] is ignored, because it exists, maybe from xml file
2026-04-06 22:18:07.688 [main] ERROR c.baomidou.mybatisplus.core.MybatisConfiguration - mapper[com.example.student.mapper.CourseMapper.selectCourseBySemester] is ignored, because it exists, maybe from xml file
2026-04-06 22:18:07.688 [main] ERROR c.baomidou.mybatisplus.core.MybatisConfiguration - mapper[com.example.student.mapper.CourseMapper.selectCourseCountByDepartment] is ignored, because it exists, maybe from xml file
2026-04-06 22:18:07.743 [main] ERROR c.baomidou.mybatisplus.core.MybatisConfiguration - mapper[com.example.student.mapper.CourseOfferingMapper.getClassIdByCourseOfferingId] is ignored, because it exists, maybe from xml file
2026-04-06 22:18:07.743 [main] ERROR c.baomidou.mybatisplus.core.MybatisConfiguration - mapper[com.example.student.mapper.CourseOfferingMapper.selectAllSemesters] is ignored, because it exists, maybe from xml file
2026-04-06 22:18:07.835 [main] ERROR c.baomidou.mybatisplus.core.MybatisConfiguration - mapper[com.example.student.mapper.NoticeMapper.selectPublishedNotices] is ignored, because it exists, maybe from xml file
2026-04-06 22:18:11.516 [main] ERROR o.s.b.diagnostics.LoggingFailureAnalysisReporter - 

***************************
APPLICATION FAILED TO START
***************************

Description:

Web server failed to start. Port 8080 was already in use.

Action:

Identify and stop the process that's listening on port 8080 or configure this application to listen on another port.

2026-04-06 22:18:49.649 [main] ERROR org.apache.catalina.core.AprLifecycleListener - An incompatible version [1.2.26] of the Apache Tomcat Native library is installed, while Tomcat requires version [1.2.34]
2026-04-06 22:18:50.378 [main] ERROR c.baomidou.mybatisplus.core.MybatisConfiguration - mapper[com.example.student.mapper.ClassMapper.selectClassList] is ignored, because it exists, maybe from xml file
2026-04-06 22:18:50.448 [main] ERROR c.baomidou.mybatisplus.core.MybatisConfiguration - mapper[com.example.student.mapper.CourseMapper.selectCourseBySemester] is ignored, because it exists, maybe from xml file
2026-04-06 22:18:50.449 [main] ERROR c.baomidou.mybatisplus.core.MybatisConfiguration - mapper[com.example.student.mapper.CourseMapper.selectCourseCountByDepartment] is ignored, because it exists, maybe from xml file
2026-04-06 22:18:50.490 [main] ERROR c.baomidou.mybatisplus.core.MybatisConfiguration - mapper[com.example.student.mapper.CourseOfferingMapper.getClassIdByCourseOfferingId] is ignored, because it exists, maybe from xml file
2026-04-06 22:18:50.491 [main] ERROR c.baomidou.mybatisplus.core.MybatisConfiguration - mapper[com.example.student.mapper.CourseOfferingMapper.selectAllSemesters] is ignored, because it exists, maybe from xml file
2026-04-06 22:18:50.596 [main] ERROR c.baomidou.mybatisplus.core.MybatisConfiguration - mapper[com.example.student.mapper.NoticeMapper.selectPublishedNotices] is ignored, because it exists, maybe from xml file
2026-04-06 22:28:04.956 [main] ERROR org.apache.catalina.core.AprLifecycleListener - An incompatible version [1.2.26] of the Apache Tomcat Native library is installed, while Tomcat requires version [1.2.34]
2026-04-06 22:28:05.739 [main] ERROR c.baomidou.mybatisplus.core.MybatisConfiguration - mapper[com.example.student.mapper.ClassMapper.selectClassList] is ignored, because it exists, maybe from xml file
2026-04-06 22:28:05.803 [main] ERROR c.baomidou.mybatisplus.core.MybatisConfiguration - mapper[com.example.student.mapper.CourseMapper.selectCourseBySemester] is ignored, because it exists, maybe from xml file
2026-04-06 22:28:05.804 [main] ERROR c.baomidou.mybatisplus.core.MybatisConfiguration - mapper[com.example.student.mapper.CourseMapper.selectCourseCountByDepartment] is ignored, because it exists, maybe from xml file
2026-04-06 22:28:05.849 [main] ERROR c.baomidou.mybatisplus.core.MybatisConfiguration - mapper[com.example.student.mapper.CourseOfferingMapper.getClassIdByCourseOfferingId] is ignored, because it exists, maybe from xml file
2026-04-06 22:28:05.849 [main] ERROR c.baomidou.mybatisplus.core.MybatisConfiguration - mapper[com.example.student.mapper.CourseOfferingMapper.selectAllSemesters] is ignored, because it exists, maybe from xml file
2026-04-06 22:28:05.951 [main] ERROR c.baomidou.mybatisplus.core.MybatisConfiguration - mapper[com.example.student.mapper.NoticeMapper.selectPublishedNotices] is ignored, because it exists, maybe from xml file
2026-04-06 22:28:09.387 [main] ERROR o.s.b.diagnostics.LoggingFailureAnalysisReporter - 

***************************
APPLICATION FAILED TO START
***************************

Description:

Web server failed to start. Port 8080 was already in use.

Action:

Identify and stop the process that's listening on port 8080 or configure this application to listen on another port.

2026-04-06 22:28:56.221 [main] ERROR org.apache.catalina.core.AprLifecycleListener - An incompatible version [1.2.26] of the Apache Tomcat Native library is installed, while Tomcat requires version [1.2.34]
2026-04-06 22:28:56.954 [main] ERROR c.baomidou.mybatisplus.core.MybatisConfiguration - mapper[com.example.student.mapper.ClassMapper.selectClassList] is ignored, because it exists, maybe from xml file
2026-04-06 22:28:57.020 [main] ERROR c.baomidou.mybatisplus.core.MybatisConfiguration - mapper[com.example.student.mapper.CourseMapper.selectCourseBySemester] is ignored, because it exists, maybe from xml file
2026-04-06 22:28:57.020 [main] ERROR c.baomidou.mybatisplus.core.MybatisConfiguration - mapper[com.example.student.mapper.CourseMapper.selectCourseCountByDepartment] is ignored, because it exists, maybe from xml file
2026-04-06 22:28:57.057 [main] ERROR c.baomidou.mybatisplus.core.MybatisConfiguration - mapper[com.example.student.mapper.CourseOfferingMapper.getClassIdByCourseOfferingId] is ignored, because it exists, maybe from xml file
2026-04-06 22:28:57.058 [main] ERROR c.baomidou.mybatisplus.core.MybatisConfiguration - mapper[com.example.student.mapper.CourseOfferingMapper.selectAllSemesters] is ignored, because it exists, maybe from xml file
2026-04-06 22:28:57.164 [main] ERROR c.baomidou.mybatisplus.core.MybatisConfiguration - mapper[com.example.student.mapper.NoticeMapper.selectPublishedNotices] is ignored, because it exists, maybe from xml file
2026-04-06 22:33:21.548 [main] ERROR org.apache.catalina.core.AprLifecycleListener - An incompatible version [1.2.26] of the Apache Tomcat Native library is installed, while Tomcat requires version [1.2.34]
2026-04-06 22:33:22.293 [main] ERROR c.baomidou.mybatisplus.core.MybatisConfiguration - mapper[com.example.student.mapper.ClassMapper.selectClassList] is ignored, because it exists, maybe from xml file
2026-04-06 22:33:22.358 [main] ERROR c.baomidou.mybatisplus.core.MybatisConfiguration - mapper[com.example.student.mapper.CourseMapper.selectCourseBySemester] is ignored, because it exists, maybe from xml file
2026-04-06 22:33:22.361 [main] ERROR c.baomidou.mybatisplus.core.MybatisConfiguration - mapper[com.example.student.mapper.CourseMapper.selectCourseCountByDepartment] is ignored, because it exists, maybe from xml file
2026-04-06 22:33:22.416 [main] ERROR c.baomidou.mybatisplus.core.MybatisConfiguration - mapper[com.example.student.mapper.CourseOfferingMapper.getClassIdByCourseOfferingId] is ignored, because it exists, maybe from xml file
2026-04-06 22:33:22.417 [main] ERROR c.baomidou.mybatisplus.core.MybatisConfiguration - mapper[com.example.student.mapper.CourseOfferingMapper.selectAllSemesters] is ignored, because it exists, maybe from xml file
2026-04-06 22:33:22.596 [main] ERROR c.baomidou.mybatisplus.core.MybatisConfiguration - mapper[com.example.student.mapper.NoticeMapper.selectPublishedNotices] is ignored, because it exists, maybe from xml file
2026-04-06 22:33:25.987 [main] ERROR o.s.b.diagnostics.LoggingFailureAnalysisReporter - 

***************************
APPLICATION FAILED TO START
***************************

Description:

Web server failed to start. Port 8080 was already in use.

Action:

Identify and stop the process that's listening on port 8080 or configure this application to listen on another port.

2026-04-06 22:34:16.973 [main] ERROR org.apache.catalina.core.AprLifecycleListener - An incompatible version [1.2.26] of the Apache Tomcat Native library is installed, while Tomcat requires version [1.2.34]
2026-04-06 22:34:17.722 [main] ERROR c.baomidou.mybatisplus.core.MybatisConfiguration - mapper[com.example.student.mapper.ClassMapper.selectClassList] is ignored, because it exists, maybe from xml file
2026-04-06 22:34:17.780 [main] ERROR c.baomidou.mybatisplus.core.MybatisConfiguration - mapper[com.example.student.mapper.CourseMapper.selectCourseBySemester] is ignored, because it exists, maybe from xml file
2026-04-06 22:34:17.780 [main] ERROR c.baomidou.mybatisplus.core.MybatisConfiguration - mapper[com.example.student.mapper.CourseMapper.selectCourseCountByDepartment] is ignored, because it exists, maybe from xml file
2026-04-06 22:34:17.820 [main] ERROR c.baomidou.mybatisplus.core.MybatisConfiguration - mapper[com.example.student.mapper.CourseOfferingMapper.getClassIdByCourseOfferingId] is ignored, because it exists, maybe from xml file
2026-04-06 22:34:17.820 [main] ERROR c.baomidou.mybatisplus.core.MybatisConfiguration - mapper[com.example.student.mapper.CourseOfferingMapper.selectAllSemesters] is ignored, because it exists, maybe from xml file
2026-04-06 22:34:17.928 [main] ERROR c.baomidou.mybatisplus.core.MybatisConfiguration - mapper[com.example.student.mapper.NoticeMapper.selectPublishedNotices] is ignored, because it exists, maybe from xml file
